0 info it worked if it ends with ok
1 verbose cli [ '/Users/wonilsuh/.nvm/versions/node/v6.11.3/bin/node',
1 verbose cli   '/Users/wonilsuh/.nvm/versions/node/v6.11.3/bin/npm',
1 verbose cli   'start' ]
2 info using npm@3.10.10
3 info using node@v6.11.3
4 verbose run-script [ 'prestart', 'start', 'poststart' ]
5 info lifecycle @ibm/grid@0.2.3~prestart: @ibm/grid@0.2.3
6 silly lifecycle @ibm/grid@0.2.3~prestart: no script for prestart, continuing
7 info lifecycle @ibm/grid@0.2.3~start: @ibm/grid@0.2.3
8 verbose lifecycle @ibm/grid@0.2.3~start: unsafe-perm in lifecycle true
9 verbose lifecycle @ibm/grid@0.2.3~start: PATH: /Users/wonilsuh/.nvm/versions/node/v6.11.3/lib/node_modules/npm/bin/node-gyp-bin:/Users/wonilsuh/Sites/ibm/system-360/grid/node_modules/.bin:/Users/wonilsuh/.nvm/versions/node/v6.11.3/bin:/usr/local/bin:/usr/bin:/bin:/usr/sbin:/sbin:/usr/local/MacGPG2/bin:/Users/wonilsuh/.rvm/bin
10 verbose lifecycle @ibm/grid@0.2.3~start: CWD: /Users/wonilsuh/Sites/ibm/system-360/grid
11 silly lifecycle @ibm/grid@0.2.3~start: Args: [ '-c', 'gulp clean && gulp type && gulp styles && gulp watch' ]
12 silly lifecycle @ibm/grid@0.2.3~start: Returned: code: 137  signal: null
13 info lifecycle @ibm/grid@0.2.3~start: Failed to exec start script
14 verbose stack Error: @ibm/grid@0.2.3 start: `gulp clean && gulp type && gulp styles && gulp watch`
14 verbose stack Exit status 137
14 verbose stack     at EventEmitter.<anonymous> (/Users/wonilsuh/.nvm/versions/node/v6.11.3/lib/node_modules/npm/lib/utils/lifecycle.js:255:16)
14 verbose stack     at emitTwo (events.js:106:13)
14 verbose stack     at EventEmitter.emit (events.js:191:7)
14 verbose stack     at ChildProcess.<anonymous> (/Users/wonilsuh/.nvm/versions/node/v6.11.3/lib/node_modules/npm/lib/utils/spawn.js:40:14)
14 verbose stack     at emitTwo (events.js:106:13)
14 verbose stack     at ChildProcess.emit (events.js:191:7)
14 verbose stack     at maybeClose (internal/child_process.js:920:16)
14 verbose stack     at Process.ChildProcess._handle.onexit (internal/child_process.js:230:5)
15 verbose pkgid @ibm/grid@0.2.3
16 verbose cwd /Users/wonilsuh/Sites/ibm/system-360/grid
17 error Darwin 16.7.0
18 error argv "/Users/wonilsuh/.nvm/versions/node/v6.11.3/bin/node" "/Users/wonilsuh/.nvm/versions/node/v6.11.3/bin/npm" "start"
19 error node v6.11.3
20 error npm  v3.10.10
21 error code ELIFECYCLE
22 error @ibm/grid@0.2.3 start: `gulp clean && gulp type && gulp styles && gulp watch`
22 error Exit status 137
23 error Failed at the @ibm/grid@0.2.3 start script 'gulp clean && gulp type && gulp styles && gulp watch'.
23 error Make sure you have the latest version of node.js and npm installed.
23 error If you do, this is most likely a problem with the @ibm/grid package,
23 error not with npm itself.
23 error Tell the author that this fails on your system:
23 error     gulp clean && gulp type && gulp styles && gulp watch
23 error You can get information on how to open an issue for this project with:
23 error     npm bugs @ibm/grid
23 error Or if that isn't available, you can get their info via:
23 error     npm owner ls @ibm/grid
23 error There is likely additional logging output above.
24 verbose exit [ 1, true ]
